TN:
SF:configs\db.sequelize.config.js
FN:16,connectToDB
FNF:1
FNH:0
FNDA:0,connectToDB
DA:1,1
DA:2,1
DA:3,1
DA:4,1
DA:5,1
DA:6,1
DA:7,1
DA:8,1
DA:9,1
DA:10,1
DA:11,1
DA:12,1
DA:13,1
DA:14,1
DA:15,1
DA:16,0
DA:17,0
DA:18,0
DA:19,0
DA:20,0
DA:21,0
DA:22,0
DA:23,0
DA:24,1
DA:25,1
LF:25
LH:17
BRF:0
BRH:0
end_of_record
TN:
SF:controller\auth.controller.js
FN:7,registerUser
FN:28,loginUser
FN:47,logoutUser
FNF:3
FNH:3
FNDA:3,registerUser
FNDA:3,loginUser
FNDA:1,logoutUser
DA:1,1
DA:2,1
DA:3,1
DA:4,1
DA:5,1
DA:6,1
DA:7,3
DA:8,3
DA:9,3
DA:10,1
DA:11,1
DA:12,1
DA:13,1
DA:14,1
DA:15,2
DA:16,2
DA:17,2
DA:18,2
DA:19,2
DA:20,2
DA:21,2
DA:22,2
DA:23,3
DA:24,1
DA:25,1
DA:26,3
DA:27,1
DA:28,3
DA:29,3
DA:30,3
DA:31,1
DA:32,1
DA:33,1
DA:34,1
DA:35,2
DA:36,2
DA:37,2
DA:38,2
DA:39,2
DA:40,2
DA:41,2
DA:42,3
DA:43,1
DA:44,1
DA:45,3
DA:46,1
DA:47,1
DA:48,1
DA:49,1
DA:50,1
DA:51,0
DA:52,0
DA:53,1
DA:54,1
DA:55,1
LF:55
LH:53
BRDA:7,0,0,3
BRDA:9,1,0,1
BRDA:14,2,0,2
BRDA:23,3,0,1
BRDA:28,4,0,3
BRDA:30,5,0,1
BRDA:34,6,0,2
BRDA:42,7,0,1
BRDA:47,8,0,1
BRDA:50,9,0,0
BRF:10
BRH:9
end_of_record
TN:
SF:controller\blog.controller.js
FN:8,getAllBlogs
FN:22,createBlog
FN:31,getBlogByBlogId
FN:40,updateBlog
FN:53,deleteBlog
FNF:5
FNH:5
FNDA:2,getAllBlogs
FNDA:2,createBlog
FNDA:2,getBlogByBlogId
FNDA:2,updateBlog
FNDA:2,deleteBlog
DA:1,1
DA:2,1
DA:3,1
DA:4,1
DA:5,1
DA:6,1
DA:7,1
DA:8,2
DA:9,2
DA:10,2
DA:11,2
DA:12,2
DA:13,2
DA:14,2
DA:15,2
DA:16,2
DA:17,2
DA:18,0
DA:19,0
DA:20,2
DA:21,1
DA:22,2
DA:23,2
DA:24,2
DA:25,2
DA:26,2
DA:27,0
DA:28,0
DA:29,2
DA:30,1
DA:31,2
DA:32,2
DA:33,2
DA:34,2
DA:35,2
DA:36,0
DA:37,0
DA:38,2
DA:39,1
DA:40,2
DA:41,2
DA:42,2
DA:43,2
DA:44,2
DA:45,2
DA:46,2
DA:47,2
DA:48,2
DA:49,0
DA:50,0
DA:51,2
DA:52,1
DA:53,2
DA:54,2
DA:55,2
DA:56,2
DA:57,2
DA:58,0
DA:59,0
DA:60,2
DA:61,1
DA:62,1
DA:63,1
DA:64,1
DA:65,1
DA:66,1
DA:67,1
DA:68,1
LF:68
LH:58
BRDA:8,0,0,2
BRDA:17,1,0,0
BRDA:22,2,0,2
BRDA:26,3,0,0
BRDA:31,4,0,2
BRDA:35,5,0,0
BRDA:40,6,0,2
BRDA:48,7,0,0
BRDA:53,8,0,2
BRDA:57,9,0,0
BRF:10
BRH:5
end_of_record
TN:
SF:controller\user.controller.js
FN:8,getAllUsers
FN:19,getUserByUsername
FN:32,updateUser
FN:44,deleteUser
FNF:4
FNH:4
FNDA:2,getAllUsers
FNDA:2,getUserByUsername
FNDA:2,updateUser
FNDA:2,deleteUser
DA:1,1
DA:2,1
DA:3,1
DA:4,1
DA:5,1
DA:6,1
DA:7,1
DA:8,2
DA:9,2
DA:10,2
DA:11,2
DA:12,2
DA:13,2
DA:14,2
DA:15,0
DA:16,0
DA:17,2
DA:18,1
DA:19,2
DA:20,2
DA:21,2
DA:22,0
DA:23,0
DA:24,2
DA:25,2
DA:26,2
DA:27,2
DA:28,0
DA:29,0
DA:30,2
DA:31,1
DA:32,2
DA:33,2
DA:34,2
DA:35,2
DA:36,2
DA:37,2
DA:38,2
DA:39,2
DA:40,0
DA:41,0
DA:42,2
DA:43,1
DA:44,2
DA:45,2
DA:46,2
DA:47,0
DA:48,0
DA:49,2
DA:50,2
DA:51,2
DA:52,0
DA:53,0
DA:54,2
DA:55,1
DA:56,1
DA:57,1
DA:58,1
DA:59,1
DA:60,1
DA:61,1
LF:61
LH:49
BRDA:8,0,0,2
BRDA:14,1,0,0
BRDA:19,2,0,2
BRDA:21,3,0,0
BRDA:27,4,0,0
BRDA:32,5,0,2
BRDA:39,6,0,0
BRDA:44,7,0,2
BRDA:46,8,0,0
BRDA:51,9,0,0
BRF:10
BRH:4
end_of_record
TN:
SF:dto\blog.dto.js
FN:2,BlogDTO
FNF:1
FNH:1
FNDA:2,BlogDTO
DA:1,1
DA:2,1
DA:3,2
DA:4,2
DA:5,2
DA:6,2
DA:7,2
DA:8,2
DA:9,2
DA:10,2
DA:11,2
DA:12,1
DA:13,1
DA:14,1
LF:14
LH:14
BRDA:2,0,0,2
BRF:1
BRH:1
end_of_record
TN:
SF:dto\user.dto.js
FN:3,UserDTO
FNF:1
FNH:1
FNDA:6,UserDTO
DA:1,1
DA:2,1
DA:3,1
DA:4,6
DA:5,6
DA:6,6
DA:7,6
DA:8,6
DA:9,6
DA:10,1
DA:11,1
DA:12,1
LF:12
LH:12
BRDA:3,0,0,6
BRF:1
BRH:1
end_of_record
TN:
SF:dto\user.register.dto.js
FN:3,UserRegisterDTO
FNF:1
FNH:1
FNDA:3,UserRegisterDTO
DA:1,1
DA:2,1
DA:3,1
DA:4,3
DA:5,3
DA:6,3
DA:7,3
DA:8,1
DA:9,1
DA:10,1
LF:10
LH:10
BRDA:3,0,0,3
BRF:1
BRH:1
end_of_record
TN:
SF:model\blog.model.js
FNF:0
FNH:0
DA:1,1
DA:2,1
DA:3,1
DA:4,1
DA:5,1
DA:6,1
DA:7,1
DA:8,1
DA:9,1
DA:10,1
DA:11,1
DA:12,1
DA:13,1
DA:14,1
DA:15,1
DA:16,1
DA:17,1
DA:18,1
DA:19,1
DA:20,1
DA:21,1
DA:22,1
DA:23,1
DA:24,1
DA:25,1
DA:26,1
DA:27,1
DA:28,1
DA:29,1
DA:30,1
DA:31,1
DA:32,1
DA:33,1
DA:34,1
DA:35,1
DA:36,1
DA:37,1
DA:38,1
DA:39,1
DA:40,1
DA:41,1
DA:42,1
DA:43,1
DA:44,1
DA:45,1
DA:46,1
LF:46
LH:46
BRF:0
BRH:0
end_of_record
TN:
SF:model\index.js
FN:21,test
FNF:1
FNH:1
FNDA:8,test
DA:1,1
DA:2,1
DA:3,1
DA:4,1
DA:5,1
DA:6,1
DA:7,1
DA:8,1
DA:9,1
DA:10,1
DA:11,1
DA:12,1
DA:13,1
DA:14,1
DA:15,1
DA:16,1
DA:17,1
DA:18,1
DA:19,1
DA:20,1
DA:21,1
DA:22,8
DA:23,0
DA:24,0
DA:25,1
DA:26,1
DA:27,1
DA:28,1
DA:29,1
LF:29
LH:27
BRDA:21,0,0,8
BRDA:22,1,0,0
BRF:2
BRH:1
end_of_record
TN:
SF:model\user.model.js
FNF:0
FNH:0
DA:1,1
DA:2,1
DA:3,1
DA:4,1
DA:5,1
DA:6,1
DA:7,1
DA:8,1
DA:9,1
DA:10,1
DA:11,1
DA:12,1
DA:13,1
DA:14,1
DA:15,1
DA:16,1
DA:17,1
DA:18,1
DA:19,1
DA:20,1
DA:21,1
DA:22,1
DA:23,1
DA:24,1
DA:25,1
DA:26,1
DA:27,1
DA:28,1
DA:29,1
DA:30,1
DA:31,1
DA:32,1
DA:33,1
DA:34,1
DA:35,1
DA:36,1
DA:37,1
DA:38,1
DA:39,1
DA:40,1
DA:41,1
DA:42,1
DA:43,1
DA:44,1
DA:45,1
DA:46,1
DA:47,1
LF:47
LH:47
BRF:0
BRH:0
end_of_record
TN:
SF:repository\blog.repository.js
FN:5,getAllBlogs
FN:10,getBlogByBlogId
FN:15,updateBlog
FN:23,deleteBlog
FN:28,createBlog
FNF:5
FNH:5
FNDA:2,getAllBlogs
FNDA:2,getBlogByBlogId
FNDA:2,updateBlog
FNDA:1,deleteBlog
FNDA:2,createBlog
DA:1,1
DA:2,1
DA:3,1
DA:4,1
DA:5,2
DA:6,2
DA:7,1
DA:8,1
DA:9,1
DA:10,2
DA:11,2
DA:12,1
DA:13,1
DA:14,1
DA:15,2
DA:16,2
DA:17,2
DA:18,2
DA:19,2
DA:20,1
DA:21,1
DA:22,1
DA:23,1
DA:24,1
DA:25,1
DA:26,1
DA:27,1
DA:28,2
DA:29,2
DA:30,2
DA:31,1
DA:32,1
DA:33,1
DA:34,1
DA:35,1
DA:36,2
DA:37,1
DA:38,1
DA:39,1
DA:40,1
DA:41,1
DA:42,1
DA:43,1
DA:44,1
LF:44
LH:44
BRDA:5,0,0,2
BRDA:6,1,0,1
BRDA:10,2,0,2
BRDA:11,3,0,1
BRDA:15,4,0,2
BRDA:19,5,0,1
BRDA:23,6,0,1
BRDA:28,7,0,2
BRDA:30,8,0,1
BRF:9
BRH:9
end_of_record
TN:
SF:repository\user.repository.js
FN:7,getAllUsers
FN:12,getUserByEmail
FN:17,deleteUser
FN:28,updateUser
FN:33,register
FN:44,getUserByUserName
FNF:6
FNH:6
FNDA:2,getAllUsers
FNDA:2,getUserByEmail
FNDA:3,deleteUser
FNDA:3,updateUser
FNDA:2,register
FNDA:2,getUserByUserName
DA:1,1
DA:2,1
DA:3,1
DA:4,1
DA:5,1
DA:6,1
DA:7,2
DA:8,2
DA:9,1
DA:10,1
DA:11,1
DA:12,2
DA:13,2
DA:14,1
DA:15,1
DA:16,1
DA:17,3
DA:18,3
DA:19,3
DA:20,3
DA:21,3
DA:22,3
DA:23,2
DA:24,2
DA:25,2
DA:26,2
DA:27,1
DA:28,3
DA:29,3
DA:30,2
DA:31,2
DA:32,1
DA:33,2
DA:34,2
DA:35,2
DA:36,2
DA:37,1
DA:38,1
DA:39,1
DA:40,1
DA:41,1
DA:42,2
DA:43,1
DA:44,2
DA:45,2
DA:46,1
DA:47,1
DA:48,1
DA:49,1
DA:50,1
DA:51,1
DA:52,1
DA:53,1
DA:54,1
DA:55,1
DA:56,1
LF:56
LH:56
BRDA:7,0,0,2
BRDA:8,1,0,1
BRDA:12,2,0,2
BRDA:13,3,0,1
BRDA:17,4,0,3
BRDA:22,5,0,2
BRDA:28,6,0,3
BRDA:29,7,0,2
BRDA:33,8,0,2
BRDA:36,9,0,1
BRDA:44,10,0,2
BRDA:45,11,0,1
BRF:12
BRH:12
end_of_record
TN:
SF:services\auth.service.js
FN:8,register
FN:39,loginUser
FNF:2
FNH:2
FNDA:4,register
FNDA:2,loginUser
DA:1,1
DA:2,1
DA:3,1
DA:4,1
DA:5,1
DA:6,1
DA:7,1
DA:8,4
DA:9,4
DA:10,4
DA:11,4
DA:12,4
DA:13,4
DA:14,4
DA:15,4
DA:16,1
DA:17,1
DA:18,3
DA:19,3
DA:20,3
DA:21,3
DA:22,4
DA:23,1
DA:24,1
DA:25,1
DA:26,1
DA:27,2
DA:28,4
DA:29,1
DA:30,1
DA:31,1
DA:32,1
DA:33,1
DA:34,1
DA:35,1
DA:36,1
DA:37,1
DA:38,1
DA:39,2
DA:40,2
DA:41,2
DA:42,2
DA:43,2
DA:44,2
DA:45,2
DA:46,1
DA:47,1
DA:48,1
DA:49,1
DA:50,1
DA:51,1
DA:52,1
DA:53,1
LF:53
LH:53
BRDA:8,0,0,4
BRDA:15,1,0,1
BRDA:17,2,0,3
BRDA:22,3,0,1
BRDA:26,4,0,2
BRDA:28,5,0,1
BRDA:39,6,0,2
BRDA:45,7,0,1
BRF:8
BRH:8
end_of_record
TN:
SF:services\blog.service.js
FN:6,getAllBlogs
FN:20,createBlog
FN:37,getBlogByBlogId
FN:50,updateBlog
FN:61,deleteBlog
FNF:5
FNH:4
FNDA:3,getAllBlogs
FNDA:3,createBlog
FNDA:2,getBlogByBlogId
FNDA:2,updateBlog
FNDA:0,deleteBlog
DA:1,1
DA:2,1
DA:3,1
DA:4,1
DA:5,1
DA:6,3
DA:7,3
DA:8,3
DA:9,3
DA:10,3
DA:11,3
DA:12,1
DA:13,1
DA:14,1
DA:15,1
DA:16,2
DA:17,2
DA:18,2
DA:19,1
DA:20,3
DA:21,3
DA:22,1
DA:23,1
DA:24,1
DA:25,1
DA:26,2
DA:27,3
DA:28,1
DA:29,1
DA:30,1
DA:31,1
DA:32,1
DA:33,1
DA:34,1
DA:35,1
DA:36,1
DA:37,2
DA:38,2
DA:39,2
DA:40,1
DA:41,1
DA:42,1
DA:43,1
DA:44,1
DA:45,1
DA:46,1
DA:47,1
DA:48,1
DA:49,1
DA:50,2
DA:51,2
DA:52,2
DA:53,2
DA:54,1
DA:55,1
DA:56,1
DA:57,1
DA:58,1
DA:59,1
DA:60,1
DA:61,0
DA:62,0
DA:63,0
DA:64,0
DA:65,0
DA:66,0
DA:67,0
DA:68,0
DA:69,0
DA:70,0
DA:71,0
DA:72,1
DA:73,1
DA:74,1
DA:75,1
DA:76,1
DA:77,1
DA:78,1
DA:79,1
LF:79
LH:68
BRDA:6,0,0,3
BRDA:11,1,0,1
BRDA:15,2,0,2
BRDA:20,3,0,3
BRDA:21,4,0,2
BRDA:21,5,0,1
BRDA:25,6,0,2
BRDA:27,7,0,1
BRDA:37,8,0,2
BRDA:39,9,0,1
BRDA:50,10,0,2
BRDA:53,11,0,1
BRF:12
BRH:12
end_of_record
TN:
SF:services\user.service.js
FN:7,findAllUsers
FN:27,findUserByUserName
FN:41,findDuplicateEmail
FN:46,findDuplicateUsername
FN:51,registerUser
FN:56,deleteUser
FN:66,updateUser
FN:79,loginUser
FNF:8
FNH:8
FNDA:3,findAllUsers
FNDA:2,findUserByUserName
FNDA:1,findDuplicateEmail
FNDA:1,findDuplicateUsername
FNDA:1,registerUser
FNDA:2,deleteUser
FNDA:2,updateUser
FNDA:2,loginUser
DA:1,1
DA:2,1
DA:3,1
DA:4,1
DA:5,1
DA:6,1
DA:7,3
DA:8,3
DA:9,3
DA:10,3
DA:11,3
DA:12,3
DA:13,3
DA:14,1
DA:15,1
DA:16,1
DA:17,1
DA:18,2
DA:19,2
DA:20,2
DA:21,2
DA:22,2
DA:23,2
DA:24,2
DA:25,2
DA:26,1
DA:27,2
DA:28,2
DA:29,2
DA:30,2
DA:31,2
DA:32,1
DA:33,1
DA:34,1
DA:35,1
DA:36,1
DA:37,1
DA:38,1
DA:39,1
DA:40,1
DA:41,1
DA:42,1
DA:43,1
DA:44,1
DA:45,1
DA:46,1
DA:47,1
DA:48,1
DA:49,1
DA:50,1
DA:51,1
DA:52,1
DA:53,1
DA:54,1
DA:55,1
DA:56,2
DA:57,2
DA:58,2
DA:59,2
DA:60,1
DA:61,1
DA:62,1
DA:63,1
DA:64,1
DA:65,1
DA:66,2
DA:67,2
DA:68,2
DA:69,2
DA:70,2
DA:71,2
DA:72,2
DA:73,2
DA:74,1
DA:75,1
DA:76,1
DA:77,1
DA:78,1
DA:79,2
DA:80,2
DA:81,2
DA:82,2
DA:83,2
DA:84,1
DA:85,1
DA:86,1
DA:87,1
DA:88,1
DA:89,1
DA:90,1
DA:91,1
DA:92,1
DA:93,1
DA:94,1
DA:95,1
DA:96,1
DA:97,1
DA:98,1
DA:99,1
DA:100,1
DA:101,1
DA:102,1
LF:102
LH:102
BRDA:7,0,0,3
BRDA:13,1,0,1
BRDA:17,2,0,2
BRDA:20,3,0,2
BRDA:27,4,0,2
BRDA:31,5,0,1
BRDA:41,6,0,1
BRDA:46,7,0,1
BRDA:51,8,0,1
BRDA:56,9,0,2
BRDA:59,10,0,1
BRDA:66,11,0,2
BRDA:73,12,0,1
BRDA:79,13,0,2
BRDA:83,14,0,1
BRF:15
BRH:15
end_of_record
TN:
SF:test\testDB.js
FNF:0
FNH:0
DA:1,1
DA:2,1
DA:3,1
DA:4,1
DA:5,1
DA:6,1
DA:7,1
DA:8,1
DA:9,1
DA:10,1
DA:11,1
DA:12,1
DA:13,1
DA:14,1
DA:15,1
DA:16,1
DA:17,1
DA:18,1
DA:19,1
DA:20,1
DA:21,1
DA:22,1
DA:23,1
DA:24,1
DA:25,1
DA:26,1
DA:27,1
DA:28,1
DA:29,1
DA:30,1
DA:31,1
DA:32,1
DA:33,1
DA:34,1
DA:35,1
DA:36,1
DA:37,1
DA:38,1
DA:39,1
DA:40,1
DA:41,1
DA:42,1
DA:43,1
DA:44,1
DA:45,1
DA:46,1
DA:47,1
DA:48,1
DA:49,1
DA:50,1
DA:51,1
DA:52,1
DA:53,1
DA:54,1
DA:55,1
DA:56,1
DA:57,1
DA:58,1
DA:59,1
DA:60,1
DA:61,1
DA:62,1
DA:63,1
DA:64,1
DA:65,1
DA:66,1
DA:67,1
DA:68,1
DA:69,1
DA:70,1
DA:71,1
DA:72,1
DA:73,1
DA:74,1
DA:75,1
DA:76,1
DA:77,1
DA:78,1
LF:78
LH:78
BRF:0
BRH:0
end_of_record
TN:
SF:utils\HashingUtil.js
FN:3,hashPasswordGenerator
FNF:1
FNH:0
FNDA:0,hashPasswordGenerator
DA:1,1
DA:2,1
DA:3,0
DA:4,0
DA:5,0
DA:6,0
DA:7,0
DA:8,0
DA:9,0
DA:10,0
DA:11,0
DA:12,1
DA:13,1
LF:13
LH:4
BRF:0
BRH:0
end_of_record
TN:
SF:utils\content-negotiation.js
FN:8,sendJsonResponse
FN:13,sendXmlResponse
FN:19,sendPlainResponse
FN:23,sendHtmlResponse
FN:27,sendFinalResponse
FN:31,sendResponse
FNF:6
FNH:0
FNDA:0,sendJsonResponse
FNDA:0,sendXmlResponse
FNDA:0,sendPlainResponse
FNDA:0,sendHtmlResponse
FNDA:0,sendFinalResponse
FNDA:0,sendResponse
DA:1,1
DA:2,1
DA:3,1
DA:4,1
DA:5,1
DA:6,1
DA:7,1
DA:8,0
DA:9,0
DA:10,0
DA:11,0
DA:12,1
DA:13,0
DA:14,0
DA:15,0
DA:16,0
DA:17,0
DA:18,1
DA:19,0
DA:20,0
DA:21,0
DA:22,1
DA:23,0
DA:24,0
DA:25,0
DA:26,1
DA:27,0
DA:28,0
DA:29,0
DA:30,1
DA:31,0
DA:32,0
DA:33,0
DA:34,0
DA:35,0
DA:36,0
DA:37,0
DA:38,0
DA:39,0
DA:40,0
DA:41,0
DA:42,0
DA:43,0
DA:44,0
DA:45,0
DA:46,0
DA:47,0
DA:48,0
DA:49,0
DA:50,1
DA:51,1
DA:52,1
DA:53,1
DA:54,1
DA:55,1
DA:56,1
DA:57,1
DA:58,1
LF:58
LH:21
BRF:0
BRH:0
end_of_record
TN:
SF:utils\pagination.js
FN:1,paginate
FNF:1
FNH:1
FNDA:4,paginate
DA:1,4
DA:2,4
DA:3,4
DA:4,4
DA:5,4
DA:6,4
DA:7,4
DA:8,4
DA:9,4
DA:10,4
DA:11,4
DA:12,4
DA:13,1
DA:14,1
LF:14
LH:14
BRDA:1,0,0,4
BRDA:8,1,0,0
BRDA:9,2,0,0
BRDA:9,3,0,0
BRF:4
BRH:1
end_of_record
TN:
SF:utils\user.validation.js
FN:5,userValidator
FN:39,checkEmptyBody
FN:43,generateToken
FN:52,removeToken
FN:59,checkUsernameValid
FN:65,checkPasswordValid
FN:69,checkEmailValid
FNF:7
FNH:0
FNDA:0,userValidator
FNDA:0,checkEmptyBody
FNDA:0,generateToken
FNDA:0,removeToken
FNDA:0,checkUsernameValid
FNDA:0,checkPasswordValid
FNDA:0,checkEmailValid
DA:1,1
DA:2,1
DA:3,1
DA:4,1
DA:5,0
DA:6,0
DA:7,0
DA:8,0
DA:9,0
DA:10,0
DA:11,0
DA:12,0
DA:13,0
DA:14,0
DA:15,0
DA:16,0
DA:17,0
DA:18,0
DA:19,0
DA:20,0
DA:21,0
DA:22,0
DA:23,0
DA:24,0
DA:25,0
DA:26,0
DA:27,0
DA:28,0
DA:29,0
DA:30,0
DA:31,0
DA:32,0
DA:33,0
DA:34,0
DA:35,0
DA:36,0
DA:37,1
DA:38,1
DA:39,1
DA:40,0
DA:41,0
DA:42,1
DA:43,0
DA:44,0
DA:45,0
DA:46,0
DA:47,0
DA:48,0
DA:49,0
DA:50,0
DA:51,1
DA:52,0
DA:53,0
DA:54,0
DA:55,0
DA:56,0
DA:57,0
DA:58,1
DA:59,0
DA:60,0
DA:61,0
DA:62,0
DA:63,0
DA:64,1
DA:65,0
DA:66,0
DA:67,0
DA:68,1
DA:69,0
DA:70,0
DA:71,0
DA:72,1
DA:73,1
DA:74,1
DA:75,1
DA:76,1
DA:77,1
DA:78,1
DA:79,1
DA:80,1
DA:81,1
LF:81
LH:22
BRF:0
BRH:0
end_of_record
